<?xml version="1.0" encoding="UTF-8"?>
<!-- Generated by org.testng.reporters.JUnitXMLReporter -->
<testsuite ignored="0" hostname="ShreyasBhagat" failures="1" tests="1" name="SafariMacSonoma" time="25.865" errors="0" timestamp="2026-08-02T11:44:24 IST">
  <testcase classname="com.elpaisqa.tests.BrowserStackParallelTest" name="runElPaisParallelTest" time="14.658">
    <failure type="java.lang.AssertionError" message="No articles were scraped expected [false] but found [true]">
      <![CDATA[java.lang.AssertionError: No articles were scraped expected [false] but found [true]
at com.elpaisqa.tests.BrowserStackParallelTest.runElPaisParallelTest(BrowserStackParallelTest.java:98)
at java.base/java.util.ArrayList.forEach(ArrayList.java:1597)
at java.base/java.util.concurrent.FutureTask.run(FutureTask.java:317)
at java.base/java.util.concurrent.ThreadPoolExecutor.runWorker(ThreadPoolExecutor.java:1144)
at java.base/java.util.concurrent.ThreadPoolExecutor$Worker.run(ThreadPoolExecutor.java:642)
at java.base/java.lang.Thread.run(Thread.java:1570)
... Removed 18 stack frames]]>
    </failure>
  </testcase> <!-- runElPaisParallelTest -->
</testsuite> <!-- SafariMacSonoma -->
