<?xml version="1.0" encoding="UTF-8"?>
<!-- Generated by org.testng.reporters.JUnitXMLReporter -->
<testsuite ignored="0" hostname="ShreyasBhagat" failures="1" tests="1" name="SafariIphone14" time="46.016" errors="0" timestamp="2026-08-02T11:44:45 IST">
  <testcase classname="com.elpaisqa.tests.BrowserStackParallelTest" name="runElPaisParallelTest" time="22.795">
    <failure type="java.lang.AssertionError" message="Expected to scrape 5 articles from the Opinion section, but got: 3 expected [5] but found [3]">
      <![CDATA[java.lang.AssertionError: Expected to scrape 5 articles from the Opinion section, but got: 3 expected [5] but found [3]
at com.elpaisqa.tests.BrowserStackParallelTest.runElPaisParallelTest(BrowserStackParallelTest.java:99)
at java.base/java.util.ArrayList.forEach(ArrayList.java:1597)
at java.base/java.util.concurrent.FutureTask.run(FutureTask.java:317)
at java.base/java.util.concurrent.ThreadPoolExecutor.runWorker(ThreadPoolExecutor.java:1144)
at java.base/java.util.concurrent.ThreadPoolExecutor$Worker.run(ThreadPoolExecutor.java:642)
at java.base/java.lang.Thread.run(Thread.java:1570)
... Removed 21 stack frames]]>
    </failure>
  </testcase> <!-- runElPaisParallelTest -->
</testsuite> <!-- SafariIphone14 -->
