<?xml version="1.0" encoding="UTF-8"?>
<testng-results ignored="0" total="5" passed="5" failed="0" skipped="0">
  <reporter-output>
  </reporter-output>
  <suite started-at="2026-08-02T23:45:29 IST" name="BrowserStack Parallel Suite" finished-at="2026-08-02T23:47:51 IST" duration-ms="141834">
    <groups>
    </groups>
    <test started-at="2026-08-02T23:45:29 IST" name="ChromeWindows11" finished-at="2026-08-02T23:46:53 IST" duration-ms="84024">
      <class name="com.elpaisqa.tests.BrowserStackParallelTest">
        <test-method is-config="true" signature="setUp(java.lang.String,java.lang.String,java.lang.String,java.lang.String,java.lang.String,java.lang.String,java.lang.reflect.Method)[pri:0, instance:com.elpaisqa.tests.BrowserStackParallelTest@5286c33a]" started-at="2026-08-02T23:45:29 IST" name="setUp" finished-at="2026-08-02T23:45:35 IST" duration-ms="5145" status="PASS">
          <params>
            <param index="0">
              <value>
                <![CDATA[desktop]]>
              </value>
            </param>
            <param index="1">
              <value>
                <![CDATA[chrome]]>
              </value>
            </param>
            <param index="2">
              <value>
                <![CDATA[Windows]]>
              </value>
            </param>
            <param index="3">
              <value>
                <![CDATA[11]]>
              </value>
            </param>
            <param index="4">
              <value>
                <![CDATA[latest]]>
              </value>
            </param>
            <param index="5">
              <value>
                <![CDATA[]]>
              </value>
            </param>
            <param index="6">
              <value>
                <![CDATA[public void com.elpaisqa.tests.BrowserStackParallelTest.runElPaisParallelTest()]]>
              </value>
            </param>
          </params>
          <reporter-output>
          </reporter-output>
        </test-method> <!-- setUp -->
        <test-method signature="runElPaisParallelTest()[pri:0, instance:com.elpaisqa.tests.BrowserStackParallelTest@5286c33a]" started-at="2026-08-02T23:45:35 IST" name="runElPaisParallelTest" finished-at="2026-08-02T23:46:51 IST" duration-ms="76092" status="PASS">
          <reporter-output>
          </reporter-output>
        </test-method> <!-- runElPaisParallelTest -->
        <test-method is-config="true" signature="tearDown(org.testng.ITestResult)[pri:0, instance:com.elpaisqa.tests.BrowserStackParallelTest@5286c33a]" started-at="2026-08-02T23:46:51 IST" name="tearDown" finished-at="2026-08-02T23:46:53 IST" duration-ms="2739" status="PASS">
          <params>
            <param index="0">
              <value>
                <![CDATA[[TestResult name=runElPaisParallelTest status=SUCCESS method=BrowserStackParallelTest.runElPaisParallelTest()[pri:0, instance:com.elpaisqa.tests.BrowserStackParallelTest@5286c33a] output={null}]]]>
              </value>
            </param>
          </params>
          <reporter-output>
          </reporter-output>
        </test-method> <!-- tearDown -->
        <test-method is-config="true" signature="afterEachTest(org.testng.ITestResult)[pri:0, instance:com.elpaisqa.tests.BrowserStackParallelTest@5286c33a]" started-at="2026-08-02T23:46:53 IST" name="afterEachTest" finished-at="2026-08-02T23:46:53 IST" duration-ms="0" status="PASS">
          <params>
            <param index="0">
              <value>
                <![CDATA[[TestResult name=runElPaisParallelTest status=SUCCESS method=BrowserStackParallelTest.runElPaisParallelTest()[pri:0, instance:com.elpaisqa.tests.BrowserStackParallelTest@5286c33a] output={null}]]]>
              </value>
            </param>
          </params>
          <reporter-output>
          </reporter-output>
        </test-method> <!-- afterEachTest -->
      </class> <!-- com.elpaisqa.tests.BrowserStackParallelTest -->
    </test> <!-- ChromeWindows11 -->
    <test started-at="2026-08-02T23:45:29 IST" name="SafariMacSonoma" finished-at="2026-08-02T23:46:59 IST" duration-ms="89591">
      <class name="com.elpaisqa.tests.BrowserStackParallelTest">
        <test-method is-config="true" signature="setUp(java.lang.String,java.lang.String,java.lang.String,java.lang.String,java.lang.String,java.lang.String,java.lang.reflect.Method)[pri:0, instance:com.elpaisqa.tests.BrowserStackParallelTest@11981797]" started-at="2026-08-02T23:45:29 IST" name="setUp" finished-at="2026-08-02T23:45:36 IST" duration-ms="6379" status="PASS">
          <params>
            <param index="0">
              <value>
                <![CDATA[desktop]]>
              </value>
            </param>
            <param index="1">
              <value>
                <![CDATA[safari]]>
              </value>
            </param>
            <param index="2">
              <value>
                <![CDATA[OS X]]>
              </value>
            </param>
            <param index="3">
              <value>
                <![CDATA[Sonoma]]>
              </value>
            </param>
            <param index="4">
              <value>
                <![CDATA[latest]]>
              </value>
            </param>
            <param index="5">
              <value>
                <![CDATA[]]>
              </value>
            </param>
            <param index="6">
              <value>
                <![CDATA[public void com.elpaisqa.tests.BrowserStackParallelTest.runElPaisParallelTest()]]>
              </value>
            </param>
          </params>
          <reporter-output>
          </reporter-output>
        </test-method> <!-- setUp -->
        <test-method signature="runElPaisParallelTest()[pri:0, instance:com.elpaisqa.tests.BrowserStackParallelTest@11981797]" started-at="2026-08-02T23:45:36 IST" name="runElPaisParallelTest" finished-at="2026-08-02T23:46:56 IST" duration-ms="80445" status="PASS">
          <reporter-output>
          </reporter-output>
        </test-method> <!-- runElPaisParallelTest -->
        <test-method is-config="true" signature="tearDown(org.testng.ITestResult)[pri:0, instance:com.elpaisqa.tests.BrowserStackParallelTest@11981797]" started-at="2026-08-02T23:46:56 IST" name="tearDown" finished-at="2026-08-02T23:46:59 IST" duration-ms="2724" status="PASS">
          <params>
            <param index="0">
              <value>
                <![CDATA[[TestResult name=runElPaisParallelTest status=SUCCESS method=BrowserStackParallelTest.runElPaisParallelTest()[pri:0, instance:com.elpaisqa.tests.BrowserStackParallelTest@11981797] output={null}]]]>
              </value>
            </param>
          </params>
          <reporter-output>
          </reporter-output>
        </test-method> <!-- tearDown -->
        <test-method is-config="true" signature="afterEachTest(org.testng.ITestResult)[pri:0, instance:com.elpaisqa.tests.BrowserStackParallelTest@11981797]" started-at="2026-08-02T23:46:59 IST" name="afterEachTest" finished-at="2026-08-02T23:46:59 IST" duration-ms="1" status="PASS">
          <params>
            <param index="0">
              <value>
                <![CDATA[[TestResult name=runElPaisParallelTest status=SUCCESS method=BrowserStackParallelTest.runElPaisParallelTest()[pri:0, instance:com.elpaisqa.tests.BrowserStackParallelTest@11981797] output={null}]]]>
              </value>
            </param>
          </params>
          <reporter-output>
          </reporter-output>
        </test-method> <!-- afterEachTest -->
      </class> <!-- com.elpaisqa.tests.BrowserStackParallelTest -->
    </test> <!-- SafariMacSonoma -->
    <test started-at="2026-08-02T23:45:29 IST" name="FirefoxMacVentura" finished-at="2026-08-02T23:47:02 IST" duration-ms="92826">
      <class name="com.elpaisqa.tests.BrowserStackParallelTest">
        <test-method is-config="true" signature="setUp(java.lang.String,java.lang.String,java.lang.String,java.lang.String,java.lang.String,java.lang.String,java.lang.reflect.Method)[pri:0, instance:com.elpaisqa.tests.BrowserStackParallelTest@3381b4fc]" started-at="2026-08-02T23:45:29 IST" name="setUp" finished-at="2026-08-02T23:45:41 IST" duration-ms="11142" status="PASS">
          <params>
            <param index="0">
              <value>
                <![CDATA[desktop]]>
              </value>
            </param>
            <param index="1">
              <value>
                <![CDATA[firefox]]>
              </value>
            </param>
            <param index="2">
              <value>
                <![CDATA[OS X]]>
              </value>
            </param>
            <param index="3">
              <value>
                <![CDATA[Ventura]]>
              </value>
            </param>
            <param index="4">
              <value>
                <![CDATA[latest]]>
              </value>
            </param>
            <param index="5">
              <value>
                <![CDATA[]]>
              </value>
            </param>
            <param index="6">
              <value>
                <![CDATA[public void com.elpaisqa.tests.BrowserStackParallelTest.runElPaisParallelTest()]]>
              </value>
            </param>
          </params>
          <reporter-output>
          </reporter-output>
        </test-method> <!-- setUp -->
        <test-method signature="runElPaisParallelTest()[pri:0, instance:com.elpaisqa.tests.BrowserStackParallelTest@3381b4fc]" started-at="2026-08-02T23:45:41 IST" name="runElPaisParallelTest" finished-at="2026-08-02T23:46:59 IST" duration-ms="78280" status="PASS">
          <reporter-output>
          </reporter-output>
        </test-method> <!-- runElPaisParallelTest -->
        <test-method is-config="true" signature="tearDown(org.testng.ITestResult)[pri:0, instance:com.elpaisqa.tests.BrowserStackParallelTest@3381b4fc]" started-at="2026-08-02T23:46:59 IST" name="tearDown" finished-at="2026-08-02T23:47:02 IST" duration-ms="3358" status="PASS">
          <params>
            <param index="0">
              <value>
                <![CDATA[[TestResult name=runElPaisParallelTest status=SUCCESS method=BrowserStackParallelTest.runElPaisParallelTest()[pri:0, instance:com.elpaisqa.tests.BrowserStackParallelTest@3381b4fc] output={null}]]]>
              </value>
            </param>
          </params>
          <reporter-output>
          </reporter-output>
        </test-method> <!-- tearDown -->
        <test-method is-config="true" signature="afterEachTest(org.testng.ITestResult)[pri:0, instance:com.elpaisqa.tests.BrowserStackParallelTest@3381b4fc]" started-at="2026-08-02T23:47:02 IST" name="afterEachTest" finished-at="2026-08-02T23:47:02 IST" duration-ms="1" status="PASS">
          <params>
            <param index="0">
              <value>
                <![CDATA[[TestResult name=runElPaisParallelTest status=SUCCESS method=BrowserStackParallelTest.runElPaisParallelTest()[pri:0, instance:com.elpaisqa.tests.BrowserStackParallelTest@3381b4fc] output={null}]]]>
              </value>
            </param>
          </params>
          <reporter-output>
          </reporter-output>
        </test-method> <!-- afterEachTest -->
      </class> <!-- com.elpaisqa.tests.BrowserStackParallelTest -->
    </test> <!-- FirefoxMacVentura -->
    <test started-at="2026-08-02T23:45:29 IST" name="SafariIphone14" finished-at="2026-08-02T23:47:22 IST" duration-ms="112290">
      <class name="com.elpaisqa.tests.BrowserStackParallelTest">
        <test-method is-config="true" signature="setupSuite()[pri:0, instance:com.elpaisqa.tests.BrowserStackParallelTest@a4ca3f6]" started-at="2026-08-02T23:45:29 IST" name="setupSuite" finished-at="2026-08-02T23:45:29 IST" duration-ms="155" status="PASS">
          <reporter-output>
          </reporter-output>
        </test-method> <!-- setupSuite -->
        <test-method is-config="true" signature="setUp(java.lang.String,java.lang.String,java.lang.String,java.lang.String,java.lang.String,java.lang.String,java.lang.reflect.Method)[pri:0, instance:com.elpaisqa.tests.BrowserStackParallelTest@a4ca3f6]" started-at="2026-08-02T23:45:29 IST" name="setUp" finished-at="2026-08-02T23:45:47 IST" duration-ms="17427" status="PASS">
          <params>
            <param index="0">
              <value>
                <![CDATA[mobile]]>
              </value>
            </param>
            <param index="1">
              <value>
                <![CDATA[safari]]>
              </value>
            </param>
            <param index="2">
              <value>
                <![CDATA[]]>
              </value>
            </param>
            <param index="3">
              <value>
                <![CDATA[16]]>
              </value>
            </param>
            <param index="4">
              <value>
                <![CDATA[]]>
              </value>
            </param>
            <param index="5">
              <value>
                <![CDATA[iPhone 14]]>
              </value>
            </param>
            <param index="6">
              <value>
                <![CDATA[public void com.elpaisqa.tests.BrowserStackParallelTest.runElPaisParallelTest()]]>
              </value>
            </param>
          </params>
          <reporter-output>
          </reporter-output>
        </test-method> <!-- setUp -->
        <test-method signature="runElPaisParallelTest()[pri:0, instance:com.elpaisqa.tests.BrowserStackParallelTest@a4ca3f6]" started-at="2026-08-02T23:45:47 IST" name="runElPaisParallelTest" finished-at="2026-08-02T23:47:19 IST" duration-ms="92169" status="PASS">
          <reporter-output>
          </reporter-output>
        </test-method> <!-- runElPaisParallelTest -->
        <test-method is-config="true" signature="tearDown(org.testng.ITestResult)[pri:0, instance:com.elpaisqa.tests.BrowserStackParallelTest@a4ca3f6]" started-at="2026-08-02T23:47:19 IST" name="tearDown" finished-at="2026-08-02T23:47:22 IST" duration-ms="2650" status="PASS">
          <params>
            <param index="0">
              <value>
                <![CDATA[[TestResult name=runElPaisParallelTest status=SUCCESS method=BrowserStackParallelTest.runElPaisParallelTest()[pri:0, instance:com.elpaisqa.tests.BrowserStackParallelTest@a4ca3f6] output={null}]]]>
              </value>
            </param>
          </params>
          <reporter-output>
          </reporter-output>
        </test-method> <!-- tearDown -->
        <test-method is-config="true" signature="afterEachTest(org.testng.ITestResult)[pri:0, instance:com.elpaisqa.tests.BrowserStackParallelTest@a4ca3f6]" started-at="2026-08-02T23:47:22 IST" name="afterEachTest" finished-at="2026-08-02T23:47:22 IST" duration-ms="1" status="PASS">
          <params>
            <param index="0">
              <value>
                <![CDATA[[TestResult name=runElPaisParallelTest status=SUCCESS method=BrowserStackParallelTest.runElPaisParallelTest()[pri:0, instance:com.elpaisqa.tests.BrowserStackParallelTest@a4ca3f6] output={null}]]]>
              </value>
            </param>
          </params>
          <reporter-output>
          </reporter-output>
        </test-method> <!-- afterEachTest -->
        <test-method is-config="true" signature="tearDownSuite()[pri:0, instance:com.elpaisqa.tests.BrowserStackParallelTest@a4ca3f6]" started-at="2026-08-02T23:47:51 IST" name="tearDownSuite" finished-at="2026-08-02T23:47:52 IST" duration-ms="569" status="PASS">
          <reporter-output>
          </reporter-output>
        </test-method> <!-- tearDownSuite -->
      </class> <!-- com.elpaisqa.tests.BrowserStackParallelTest -->
    </test> <!-- SafariIphone14 -->
    <test started-at="2026-08-02T23:45:29 IST" name="ChromeSamsungS23" finished-at="2026-08-02T23:47:51 IST" duration-ms="141834">
      <class name="com.elpaisqa.tests.BrowserStackParallelTest">
        <test-method is-config="true" signature="setUp(java.lang.String,java.lang.String,java.lang.String,java.lang.String,java.lang.String,java.lang.String,java.lang.reflect.Method)[pri:0, instance:com.elpaisqa.tests.BrowserStackParallelTest@aeab9a1]" started-at="2026-08-02T23:45:29 IST" name="setUp" finished-at="2026-08-02T23:45:56 IST" duration-ms="26500" status="PASS">
          <params>
            <param index="0">
              <value>
                <![CDATA[mobile]]>
              </value>
            </param>
            <param index="1">
              <value>
                <![CDATA[chrome]]>
              </value>
            </param>
            <param index="2">
              <value>
                <![CDATA[]]>
              </value>
            </param>
            <param index="3">
              <value>
                <![CDATA[13.0]]>
              </value>
            </param>
            <param index="4">
              <value>
                <![CDATA[]]>
              </value>
            </param>
            <param index="5">
              <value>
                <![CDATA[Samsung Galaxy S23]]>
              </value>
            </param>
            <param index="6">
              <value>
                <![CDATA[public void com.elpaisqa.tests.BrowserStackParallelTest.runElPaisParallelTest()]]>
              </value>
            </param>
          </params>
          <reporter-output>
          </reporter-output>
        </test-method> <!-- setUp -->
        <test-method signature="runElPaisParallelTest()[pri:0, instance:com.elpaisqa.tests.BrowserStackParallelTest@aeab9a1]" started-at="2026-08-02T23:45:56 IST" name="runElPaisParallelTest" finished-at="2026-08-02T23:47:48 IST" duration-ms="112456" status="PASS">
          <reporter-output>
          </reporter-output>
        </test-method> <!-- runElPaisParallelTest -->
        <test-method is-config="true" signature="tearDown(org.testng.ITestResult)[pri:0, instance:com.elpaisqa.tests.BrowserStackParallelTest@aeab9a1]" started-at="2026-08-02T23:47:48 IST" name="tearDown" finished-at="2026-08-02T23:47:51 IST" duration-ms="2835" status="PASS">
          <params>
            <param index="0">
              <value>
                <![CDATA[[TestResult name=runElPaisParallelTest status=SUCCESS method=BrowserStackParallelTest.runElPaisParallelTest()[pri:0, instance:com.elpaisqa.tests.BrowserStackParallelTest@aeab9a1] output={null}]]]>
              </value>
            </param>
          </params>
          <reporter-output>
          </reporter-output>
        </test-method> <!-- tearDown -->
        <test-method is-config="true" signature="afterEachTest(org.testng.ITestResult)[pri:0, instance:com.elpaisqa.tests.BrowserStackParallelTest@aeab9a1]" started-at="2026-08-02T23:47:51 IST" name="afterEachTest" finished-at="2026-08-02T23:47:51 IST" duration-ms="0" status="PASS">
          <params>
            <param index="0">
              <value>
                <![CDATA[[TestResult name=runElPaisParallelTest status=SUCCESS method=BrowserStackParallelTest.runElPaisParallelTest()[pri:0, instance:com.elpaisqa.tests.BrowserStackParallelTest@aeab9a1] output={null}]]]>
              </value>
            </param>
          </params>
          <reporter-output>
          </reporter-output>
        </test-method> <!-- afterEachTest -->
      </class> <!-- com.elpaisqa.tests.BrowserStackParallelTest -->
    </test> <!-- ChromeSamsungS23 -->
  </suite> <!-- BrowserStack Parallel Suite -->
</testng-results>
