<?xml version="1.0" encoding="UTF-8"?>
<!-- Generated by org.testng.reporters.JUnitReportReporter -->
<testsuite hostname="ShreyasBhagat" failures="0" tests="5" name="com.elpaisqa.tests.BrowserStackParallelTest" time="520.344" errors="0" timestamp="2026-08-02T23:47:52 IST" skipped="0">
  <testcase classname="com.elpaisqa.tests.BrowserStackParallelTest" name="runElPaisParallelTest" time="83.976"/>
  <testcase classname="com.elpaisqa.tests.BrowserStackParallelTest" name="runElPaisParallelTest" time="141.791"/>
  <testcase classname="com.elpaisqa.tests.BrowserStackParallelTest" name="runElPaisParallelTest" time="92.781"/>
  <testcase classname="com.elpaisqa.tests.BrowserStackParallelTest" name="runElPaisParallelTest" time="89.549"/>
  <testcase classname="com.elpaisqa.tests.BrowserStackParallelTest" name="runElPaisParallelTest" time="112.247"/>
</testsuite> <!-- com.elpaisqa.tests.BrowserStackParallelTest -->
